2024-10-08 09:15:32:             Logger             : Init[0m
2024-10-08 09:15:32:            AppModel            : Init[0m
2024-10-08 09:15:32:              MKS               : Checking current connection[0m
2024-10-08 09:15:32:              MKS               : Current connection status:[0m
2024-10-08 09:15:32: [31m             MKS               : [WinError 2] The system cannot find the file specified[0m
2024-10-08 09:15:32:              MKS               : None[0m
2024-10-08 09:15:32:           MergeBrach           : Init[0m
2024-10-08 09:15:32:            Sandbox             : Init[0m
2024-10-08 09:15:32:              MKS               : Checking current connection[0m
2024-10-08 09:15:32:              MKS               : Current connection status:[0m
2024-10-08 09:15:32: [31m             MKS               : [WinError 2] The system cannot find the file specified[0m
2024-10-08 09:15:32:              MKS               : None[0m
2024-10-08 09:15:32:              MKS               : Checking current connection[0m
2024-10-08 09:15:32:              MKS               : Current connection status:[0m
2024-10-08 09:15:32: [31m             MKS               : [WinError 2] The system cannot find the file specified[0m
2024-10-08 09:15:32:              MKS               : None[0m
2024-10-08 09:15:32:         AppController          : Init[0m
2024-10-08 09:16:52:             Logger             : Init[0m
2024-10-08 09:16:52:            AppModel            : Init[0m
2024-10-08 09:16:52:              MKS               : Checking current connection[0m
2024-10-08 09:16:52:              MKS               : Current connection status:[0m
2024-10-08 09:16:52: [31m             MKS               : [WinError 2] The system cannot find the file specified[0m
2024-10-08 09:16:52:              MKS               : None[0m
2024-10-08 09:16:52:           MergeBrach           : Init[0m
2024-10-08 09:16:52:            Sandbox             : Init[0m
2024-10-08 09:16:52:              MKS               : Checking current connection[0m
2024-10-08 09:16:52:              MKS               : Current connection status:[0m
2024-10-08 09:16:52: [31m             MKS               : [WinError 2] The system cannot find the file specified[0m
2024-10-08 09:16:52:              MKS               : None[0m
2024-10-08 09:16:52:              MKS               : Checking current connection[0m
2024-10-08 09:16:52:              MKS               : Current connection status:[0m
2024-10-08 09:16:52: [31m             MKS               : [WinError 2] The system cannot find the file specified[0m
2024-10-08 09:16:52:              MKS               : None[0m
2024-10-08 09:16:52:         AppController          : Init[0m
2024-10-08 09:18:46:             Logger             : Init[0m
2024-10-08 09:18:46:            AppModel            : Init[0m
2024-10-08 09:18:46:              MKS               : Checking current connection[0m
2024-10-08 09:18:46:              MKS               : Current connection status:[0m
2024-10-08 09:18:46: [31m             MKS               : [WinError 2] The system cannot find the file specified[0m
2024-10-08 09:18:46:              MKS               : None[0m
2024-10-08 09:18:46:           MergeBrach           : Init[0m
2024-10-08 09:18:46:            Sandbox             : Init[0m
2024-10-08 09:18:46:              MKS               : Checking current connection[0m
2024-10-08 09:18:46:              MKS               : Current connection status:[0m
2024-10-08 09:18:46: [31m             MKS               : [WinError 2] The system cannot find the file specified[0m
2024-10-08 09:18:46:              MKS               : None[0m
2024-10-08 09:18:46:              MKS               : Checking current connection[0m
2024-10-08 09:18:46:              MKS               : Current connection status:[0m
2024-10-08 09:18:46: [31m             MKS               : [WinError 2] The system cannot find the file specified[0m
2024-10-08 09:18:46:              MKS               : None[0m
2024-10-08 09:18:46:         AppController          : Init[0m
2024-10-08 09:21:18:             Logger             : Init[0m
2024-10-08 09:21:18:            AppModel            : Init[0m
2024-10-08 09:21:18:              MKS               : Checking current connection[0m
2024-10-08 09:21:18:              MKS               : Current connection status:[0m
2024-10-08 09:21:18: [31m             MKS               : [WinError 2] The system cannot find the file specified[0m
2024-10-08 09:21:18:              MKS               : None[0m
2024-10-08 09:21:18:           MergeBrach           : Init[0m
2024-10-08 09:21:18:            Sandbox             : Init[0m
2024-10-08 09:21:18:              MKS               : Checking current connection[0m
2024-10-08 09:21:18:              MKS               : Current connection status:[0m
2024-10-08 09:21:18: [31m             MKS               : [WinError 2] The system cannot find the file specified[0m
2024-10-08 09:21:18:              MKS               : None[0m
2024-10-08 09:21:18:              MKS               : Checking current connection[0m
2024-10-08 09:21:18:              MKS               : Current connection status:[0m
2024-10-08 09:21:18: [31m             MKS               : [WinError 2] The system cannot find the file specified[0m
2024-10-08 09:21:18:              MKS               : None[0m
2024-10-08 09:21:18:         AppController          : Init[0m
2024-10-08 09:27:27:             Logger             : Init[0m
2024-10-08 09:27:27:            AppModel            : Init[0m
2024-10-08 09:27:27:              MKS               : Checking current connection[0m
2024-10-08 09:27:27:              MKS               : Current connection status:[0m
2024-10-08 09:27:27: [31m             MKS               : [WinError 2] The system cannot find the file specified[0m
2024-10-08 09:27:27:              MKS               : None[0m
2024-10-08 09:27:27:           MergeBrach           : Init[0m
2024-10-08 09:27:27:            Sandbox             : Init[0m
2024-10-08 09:27:27:              MKS               : Checking current connection[0m
2024-10-08 09:27:27:              MKS               : Current connection status:[0m
2024-10-08 09:27:27: [31m             MKS               : [WinError 2] The system cannot find the file specified[0m
2024-10-08 09:27:27:              MKS               : None[0m
2024-10-08 09:27:27:              MKS               : Checking current connection[0m
2024-10-08 09:27:27:              MKS               : Current connection status:[0m
2024-10-08 09:27:27: [31m             MKS               : [WinError 2] The system cannot find the file specified[0m
2024-10-08 09:27:27:              MKS               : None[0m
2024-10-08 09:27:27:         AppController          : Init[0m
2024-10-08 10:04:30:             Logger             : Init[0m
2024-10-08 10:04:30:            AppModel            : Init[0m
2024-10-08 10:04:30:              MKS               : Checking current connection[0m
2024-10-08 10:04:30:              MKS               : Current connection status:[0m
2024-10-08 10:04:30: [31m             MKS               : [WinError 2] The system cannot find the file specified[0m
2024-10-08 10:04:30:              MKS               : None[0m
2024-10-08 10:04:30:           MergeBrach           : Init[0m
2024-10-08 10:04:30:          SandboxUtils          : Init[0m
2024-10-08 10:04:30:              MKS               : Checking current connection[0m
2024-10-08 10:04:30:              MKS               : Current connection status:[0m
2024-10-08 10:04:30: [31m             MKS               : [WinError 2] The system cannot find the file specified[0m
2024-10-08 10:04:30:              MKS               : None[0m
2024-10-08 10:04:30:              MKS               : Checking current connection[0m
2024-10-08 10:04:30:              MKS               : Current connection status:[0m
2024-10-08 10:04:30: [31m             MKS               : [WinError 2] The system cannot find the file specified[0m
2024-10-08 10:04:30:              MKS               : None[0m
2024-10-08 10:04:30:         AppController          : Init[0m
2024-10-08 10:05:15:             Logger             : Init[0m
2024-10-08 10:05:15:            AppModel            : Init[0m
2024-10-08 10:05:15:              MKS               : Checking current connection[0m
2024-10-08 10:05:15:              MKS               : Current connection status:[0m
2024-10-08 10:05:15: [31m             MKS               : [WinError 2] The system cannot find the file specified[0m
2024-10-08 10:05:15:              MKS               : None[0m
2024-10-08 10:05:15:           MergeBrach           : Init[0m
2024-10-08 10:05:15:          SandboxUtils          : Init[0m
2024-10-08 10:05:15:              MKS               : Checking current connection[0m
2024-10-08 10:05:15:              MKS               : Current connection status:[0m
2024-10-08 10:05:15: [31m             MKS               : [WinError 2] The system cannot find the file specified[0m
2024-10-08 10:05:15:              MKS               : None[0m
2024-10-08 10:05:15:              MKS               : Checking current connection[0m
2024-10-08 10:05:15:              MKS               : Current connection status:[0m
2024-10-08 10:05:15: [31m             MKS               : [WinError 2] The system cannot find the file specified[0m
2024-10-08 10:05:15:              MKS               : None[0m
2024-10-08 10:05:15:         AppController          : Init[0m
2024-10-08 14:49:07:             Logger             : Init[0m
2024-10-08 14:49:07:            AppModel            : Init[0m
2024-10-08 14:49:07:              MKS               : Checking current connection[0m
2024-10-08 14:49:07:              MKS               : Current connection status:[0m
2024-10-08 14:49:07: [31m             MKS               : [WinError 2] The system cannot find the file specified[0m
2024-10-08 14:49:07:              MKS               : None[0m
2024-10-08 14:49:07:           MergeBrach           : Init[0m
2024-10-08 14:49:07:          SandboxUtils          : Init[0m
2024-10-08 14:49:07:              MKS               : Checking current connection[0m
2024-10-08 14:49:07:              MKS               : Current connection status:[0m
2024-10-08 14:49:07: [31m             MKS               : [WinError 2] The system cannot find the file specified[0m
2024-10-08 14:49:07:              MKS               : None[0m
2024-10-08 14:49:07:              MKS               : Checking current connection[0m
2024-10-08 14:49:07:              MKS               : Current connection status:[0m
2024-10-08 14:49:07: [31m             MKS               : [WinError 2] The system cannot find the file specified[0m
2024-10-08 14:49:07:              MKS               : None[0m
2024-10-08 14:49:07:         AppController          : Init[0m
2024-10-08 14:49:09: [31m           AppModel            : Branch(es) Required[0m
2024-10-08 14:49:09: [31m           AppModel            : Invalid Source Branch[0m
2024-10-08 14:49:10: [31m           AppModel            : Branch(es) Required[0m
2024-10-08 14:49:10: [31m           AppModel            : Invalid Target Branch[0m
2024-10-08 14:49:14:            AppModel            : ######################################################################################################################################################[0m
2024-10-08 14:49:14:            AppModel            : Merging...[0m
2024-10-08 14:49:14:            AppModel            : All inputs Required[0m
2024-10-08 14:49:14:            AppModel            : ######################################################################################################################################################[0m
2024-10-08 14:49:14:            AppModel            : Merging...[0m
2024-10-08 14:49:14:            AppModel            : All inputs Required[0m
2024-10-08 14:49:15:            AppModel            : ######################################################################################################################################################[0m
2024-10-08 14:49:15:            AppModel            : Merging...[0m
2024-10-08 14:49:15:            AppModel            : All inputs Required[0m
2024-10-08 14:49:15:            AppModel            : ######################################################################################################################################################[0m
2024-10-08 14:49:15:            AppModel            : Merging...[0m
2024-10-08 14:49:15:            AppModel            : All inputs Required[0m
